/*C10*/SET SCHEMA PUBLIC
CREATE TABLE IF NOT EXISTS Pessoa  (ID INTEGER GENERATED BY DEFAULT AS IDENTITY  (START WITH 1, INCREMENT BY 1) NOT NULL, name varchar(25), email varchar(25), tell varchar(17), adress varchar(25), PRIMARY KEY (ID) )
DISCONNECT
/*C11*/SET SCHEMA PUBLIC
INSERT INTO PESSOA VALUES(6,'Lindsey Craft','rparker@hotma1l.us','34297281','1797 Schwallie Crescent')
COMMIT
DISCONNECT
/*C12*/SET SCHEMA PUBLIC
INSERT INTO PESSOA VALUES(7,'Leroy Avery','writecame@somema1l.biz','14956551','1786 Potts Road')
COMMIT
DISCONNECT
/*C13*/SET SCHEMA PUBLIC
INSERT INTO PESSOA VALUES(8,'Annette Jarvis','ithatch@ma1l2u.com','42397655','571 Wentz Ln')
COMMIT
DISCONNECT
/*C14*/SET SCHEMA PUBLIC
INSERT INTO PESSOA VALUES(9,'Russell Hobbs','lreilly@ma1l2u.net','33137494','1201 Linwood Heights')
COMMIT
DISCONNECT
/*C15*/SET SCHEMA PUBLIC
DISCONNECT
/*C16*/SET SCHEMA PUBLIC
CREATE TABLE IF NOT EXISTS Veiculo  (ID INTEGER GENERATED BY DEFAULT AS IDENTITY  (START WITH 1, INCREMENT BY 1) NOT NULL, placa varchar(8), modelo varchar(25), vagas INTEGER, PRIMARY KEY (ID) )
DISCONNECT
/*C17*/SET SCHEMA PUBLIC
INSERT INTO VEICULO VALUES(3,'the9559','Corola',4)
COMMIT
DISCONNECT
/*C18*/SET SCHEMA PUBLIC
INSERT INTO VEICULO VALUES(4,'man5247','Fusca',1)
COMMIT
DISCONNECT
/*C19*/SET SCHEMA PUBLIC
DISCONNECT
/*C20*/SET SCHEMA PUBLIC
CREATE TABLE IF NOT EXISTS Motorista  (ID INTEGER GENERATED BY DEFAULT AS IDENTITY  (START WITH 1, INCREMENT BY 1) NOT NULL, pessoaId INTEGER, cnh varchar(25), veiculoId INTEGER, PRIMARY KEY (ID) )
DISCONNECT
/*C21*/SET SCHEMA PUBLIC
INSERT INTO MOTORISTA VALUES(1,1,'042339563',3)
COMMIT
DISCONNECT
/*C23*/SET SCHEMA PUBLIC
CREATE TABLE IF NOT EXISTS Pessoa  (ID INTEGER GENERATED BY DEFAULT AS IDENTITY  (START WITH 1, INCREMENT BY 1) NOT NULL, name varchar(25), email varchar(25), tell varchar(17), adress varchar(25), PRIMARY KEY (ID) )
DISCONNECT
/*C24*/SET SCHEMA PUBLIC
CREATE TABLE IF NOT EXISTS Veiculo  (ID INTEGER GENERATED BY DEFAULT AS IDENTITY  (START WITH 1, INCREMENT BY 1) NOT NULL, placa varchar(8), modelo varchar(25), vagas INTEGER, PRIMARY KEY (ID) )
DISCONNECT
/*C25*/SET SCHEMA PUBLIC
DISCONNECT
/*C26*/SET SCHEMA PUBLIC
DISCONNECT
/*C22*/SET SCHEMA PUBLIC
DISCONNECT
